Arguments: 
  C:\Program Files\nodejs\node.exe C:\Users\Priyanshu Panda\AppData\Roaming\npm\node_modules\yarn\bin\yarn.js add prettier-plugin-tailwindcss

PATH: 
  C:\Program Files\PowerShell\7;C:\Windows\system32;C:\Windows;C:\Windows\System32\Wbem;C:\Windows\System32\WindowsPowerShell\v1.0\;C:\Windows\System32\OpenSSH\;C:\Program Files\NVIDIA Corporation\NVIDIA NvDLISR;C:\WINDOWS\system32;C:\WINDOWS;C:\WINDOWS\System32\Wbem;C:\WINDOWS\System32\WindowsPowerShell\v1.0\;C:\WINDOWS\System32\OpenSSH\;C:\Program Files\Git\cmd;C:\Program Files\Docker\Docker\resources\bin;C:\ProgramData\DockerDesktop\version-bin;C:\Program Files\dotnet\;C:\Program Files (x86)\NVIDIA Corporation\PhysX\Common;C:\Program Files\PowerShell\7\;C:\Users\Priyanshu Panda\AppData\Roaming\nvm;C:\Program Files\nodejs;C:\Users\Priyanshu Panda\.cargo\bin;C:\Users\Priyanshu Panda\AppData\Local\Microsoft\WindowsApps;C:\Users\Priyanshu Panda\AppData\Local\Programs\Microsoft VS Code\bin;C:\Users\Priyanshu Panda\AppData\Roaming\npm;C:\Users\Priyanshu Panda\AppData\Local\Programs\oh-my-posh\bin;C:\Program Files (x86)\Android\android-sdk\platform-tools;C:\Users\Priyanshu Panda\AppData\Local\GitHubDesktop\bin;C:\Users\Priyanshu Panda\AppData\Roaming\nvm;C:\Program Files\nodejs;C:\Users\Priyanshu Panda\AppData\Local\gitkraken\bin

Yarn version: 
  1.22.19

Node version: 
  18.16.0

Platform: 
  win32 x64

Trace: 
  Error: EPERM: operation not permitted, copyfile 'C:\Users\Priyanshu Panda\AppData\Local\Yarn\Cache\v6\npm-@rainbow-me-rainbowkit-1.0.2-d6113ffe95c7af0ef03a8c0dcf227862e7730136-integrity\node_modules\@rainbow-me\rainbowkit\dist\index.js' -> 'C:\Users\Priyanshu Panda\Desktop\Code\Fragments\fragments\node_modules\@rainbow-me\rainbowkit\dist\index.js'

npm manifest: 
  {
    "name": "example-safe-apps-wagmi-cra",
    "version": "0.1.5",
    "private": true,
    "dependencies": {
      "@carbon/react": "^1.30.0",
      "@headlessui/react": "^1.7.14",
      "@heathmont/moon-core-tw": "^9.34.0",
      "@heathmont/moon-icons-tw": "^9.28.3",
      "@heathmont/moon-themes-tw": "^9.34.2",
      "@heroicons/react": "^2.0.18",
      "@nextui-org/react": "^1.0.0-beta.12",
      "@rainbow-me/rainbowkit": "^1.0.1",
      "@types/react": "^18.0.27",
      "@types/react-dom": "^18.0.10",
      "@wagmi/core": "^0.8.19",
      "buffer": "^6.0.3",
      "carbon-components-react": "^8.30.0",
      "ethers": "^5.7.2",
      "events": "^3.3.0",
      "install": "^0.13.0",
      "process": "^0.11.10",
      "react": "^18.2.0",
      "react-csv-importer": "^0.8.1",
      "react-dom": "^18.2.0",
      "react-papaparse": "^4.1.0",
      "react-router-dom": "^6.11.2",
      "react-scripts": "5.0.1",
      "sass": "^1.62.1",
      "typescript": "^5.0.4",
      "use-state-with-callback": "^3.0.2",
      "util": "^0.12.5",
      "viem": "^1.0.0",
      "wagmi": "^1.1.0",
      "web-vitals": "^3.1.0"
    },
    "scripts": {
      "dev": "react-scripts start",
      "build": "react-scripts build",
      "test": "react-scripts test --passWithNoTests",
      "eject": "react-scripts eject"
    },
    "browserslist": {
      "production": [
        ">0.2%",
        "not dead",
        "not op_mini all"
      ],
      "development": [
        "last 1 chrome version",
        "last 1 firefox version",
        "last 1 safari version"
      ]
    },
    "devDependencies": {
      "prettier": "^2.8.8",
      "prettier-plugin-tailwindcss": "^0.3.0",
      "tailwindcss": "^3.3.2"
    }
  }

yarn manifest: 
  No manifest

Lockfile: 
  No lockfile
